<?xml version="1.0" encoding="UTF-8"?>
<testng-results skipped="0" failed="0" ignored="0" total="1" passed="1">
  <reporter-output>
  </reporter-output>
  <suite name="Default Suite" duration-ms="28765" started-at="2020-01-31T12:42:44Z" finished-at="2020-01-31T12:43:13Z">
    <groups>
      <group name="cucumber">
        <method signature="AbstractTestNGCucumberTests.runScenario(cucumber.api.testng.PickleEventWrapper, cucumber.api.testng.CucumberFeatureWrapper)[pri:0, instance:Axone.ThirdCucumber.TestParameterRunner3@35f983a6]" name="runScenario" class="cucumber.api.testng.AbstractTestNGCucumberTests"/>
      </group> <!-- cucumber -->
    </groups>
    <test name="Cucumber" duration-ms="28765" started-at="2020-01-31T12:42:44Z" finished-at="2020-01-31T12:43:13Z">
      <class name="Axone.ThirdCucumber.TestParameterRunner3">
        <test-method status="PASS" signature="setUpClass()[pri:0, instance:Axone.ThirdCucumber.TestParameterRunner3@35f983a6]" name="setUpClass" is-config="true" duration-ms="89" started-at="2020-01-31T12:42:44Z" finished-at="2020-01-31T12:42:44Z">
          <reporter-output>
          </reporter-output>
        </test-method> <!-- setUpClass -->
        <test-method status="PASS" signature="runScenario(cucumber.api.testng.PickleEventWrapper, cucumber.api.testng.CucumberFeatureWrapper)[pri:0, instance:Axone.ThirdCucumber.TestParameterRunner3@35f983a6]" name="runScenario" duration-ms="28627" started-at="2020-01-31T12:42:44Z" description="Runs Cucumber Scenarios" data-provider="scenarios" finished-at="2020-01-31T12:43:13Z">
          <params>
            <param index="0">
              <value>
                <![CDATA["Title of your scenario"]]>
              </value>
            </param>
            <param index="1">
              <value>
                <![CDATA["Title of your feature"]]>
              </value>
            </param>
          </params>
          <reporter-output>
          </reporter-output>
        </test-method> <!-- runScenario -->
        <test-method status="PASS" signature="tearDownClass()[pri:0, instance:Axone.ThirdCucumber.TestParameterRunner3@35f983a6]" name="tearDownClass" is-config="true" duration-ms="14" started-at="2020-01-31T12:43:13Z" finished-at="2020-01-31T12:43:13Z">
          <reporter-output>
          </reporter-output>
        </test-method> <!-- tearDownClass -->
      </class> <!-- Axone.ThirdCucumber.TestParameterRunner3 -->
    </test> <!-- Cucumber -->
  </suite> <!-- Default Suite -->
</testng-results>
